
> temp-portfolio@0.1.0 build
> next build

Γû▓ Next.js 16.2.2 (Turbopack)

  Creating an optimized production build ...
node.exe : Turbopack 
build encountered 1 
warnings:
At line:1 char:1
+ & "C:\Program 
Files\nodejs/node.exe" 
"C:\Users\CHAMA 
COMPUTERS\AppDat ...
+ ~~~~~~~~~~~~~~~~~~~~~~~
~~~~~~~~~~~~~~~~~~~~~~~~~
~~~~~~~~~~~~~~~~~~~~~
    + CategoryInfo       
       : NotSpecified:   
  (Turbopack build enc   
 ountered 1 warnings:    
:String) [], RemoteE    
xception
    + FullyQualifiedErro 
   rId : NativeCommandE  
  rror
 
[next]/internal/font/goog
le/inter_1de3a0e5.module.
css
Error while requesting 
resource
There was an issue 
establishing a 
connection while 
requesting https://fonts.
googleapis.com/css2?famil
y=Inter:wght@400;500;600;
700;800&display=swap

Import trace:
  Server Component:
    [next]/internal/font/
google/inter_1de3a0e5.mod
ule.css
    [next]/internal/font/
google/inter_1de3a0e5.js
    ./src/app/layout.js



> Build error occurred
Error: Turbopack build 
failed with 9 errors:
./src/components/Overview
.jsx:5:1
Export Facebook doesn't 
exist in target module
  [90m3 |[0m 
[36mimport[0m { motion 
} [36mfrom[0m 
[32m"framer-motion"[0m;
  [90m4 |[0m 
[36mimport[0m { 
clientData } 
[36mfrom[0m [32m"@/dat
a/clientData"[0m;
[31m[1m>[0m [90m5 
|[0m [36mimport[0m { 
[33mDownload[0m, 
[33mMessageCircle[0m, 
[33mGithub[0m, 
[33mLinkedin[0m, 
[33mInstagram[0m, 
[33mFacebook[0m } 
[36mfrom[0m 
[32m"lucide-react"[0m;
  [90m  |[0m [31m[1m^
^^^^^^^^^^^^^^^^^^^^^^^^^
^^^^^^^^^^^^^^^^^^^^^^^^^
^^^^^^^^^^^^^^^^^^^^^^^^^
^^^^^^^^^^^^^^^^^^[0m
  [90m6 |[0m
  [90m7 |[0m 
[36mexport[0m 
[36mdefault[0m 
[36mfunction[0m 
[33mOverview[0m() {
  [90m8 |[0m   
[36mconst[0m iconMap = 
{

The export Facebook was 
not found in module [proj
ect]/node_modules/lucide-
react/dist/esm/lucide-rea
ct.js [app-client] 
(ecmascript).
Did you mean to import 
Webhook?
All exports of the 
module are statically 
known (It doesn't have 
dynamic exports). So 
it's known statically 
that the requested 
export doesn't exist.

Import trace:
  Server Component:
    ./src/components/Over
view.jsx
    ./src/app/page.js


./src/components/Overview
.jsx:5:1
Export Facebook doesn't 
exist in target module
  [90m3 |[0m 
[36mimport[0m { motion 
} [36mfrom[0m 
[32m"framer-motion"[0m;
  [90m4 |[0m 
[36mimport[0m { 
clientData } 
[36mfrom[0m [32m"@/dat
a/clientData"[0m;
[31m[1m>[0m [90m5 
|[0m [36mimport[0m { 
[33mDownload[0m, 
[33mMessageCircle[0m, 
[33mGithub[0m, 
[33mLinkedin[0m, 
[33mInstagram[0m, 
[33mFacebook[0m } 
[36mfrom[0m 
[32m"lucide-react"[0m;
  [90m  |[0m [31m[1m^
^^^^^^^^^^^^^^^^^^^^^^^^^
^^^^^^^^^^^^^^^^^^^^^^^^^
^^^^^^^^^^^^^^^^^^^^^^^^^
^^^^^^^^^^^^^^^^^^[0m
  [90m6 |[0m
  [90m7 |[0m 
[36mexport[0m 
[36mdefault[0m 
[36mfunction[0m 
[33mOverview[0m() {
  [90m8 |[0m   
[36mconst[0m iconMap = 
{

The export Facebook was 
not found in module [proj
ect]/node_modules/lucide-
react/dist/esm/lucide-rea
ct.js [app-ssr] 
(ecmascript).
Did you mean to import 
Webhook?
All exports of the 
module are statically 
known (It doesn't have 
dynamic exports). So 
it's known statically 
that the requested 
export doesn't exist.

Import trace:
  Server Component:
    ./src/components/Over
view.jsx
    ./src/app/page.js


./src/components/Overview
.jsx:5:1
Export Github doesn't 
exist in target module
  [90m3 |[0m 
[36mimport[0m { motion 
} [36mfrom[0m 
[32m"framer-motion"[0m;
  [90m4 |[0m 
[36mimport[0m { 
clientData } 
[36mfrom[0m [32m"@/dat
a/clientData"[0m;
[31m[1m>[0m [90m5 
|[0m [36mimport[0m { 
[33mDownload[0m, 
[33mMessageCircle[0m, 
[33mGithub[0m, 
[33mLinkedin[0m, 
[33mInstagram[0m, 
[33mFacebook[0m } 
[36mfrom[0m 
[32m"lucide-react"[0m;
  [90m  |[0m [31m[1m^
^^^^^^^^^^^^^^^^^^^^^^^^^
^^^^^^^^^^^^^^^^^^^^^^^^^
^^^^^^^^^^^^^^^^^^^^^^^^^
^^^^^^^^^^^^^^^^^^[0m
  [90m6 |[0m
  [90m7 |[0m 
[36mexport[0m 
[36mdefault[0m 
[36mfunction[0m 
[33mOverview[0m() {
  [90m8 |[0m   
[36mconst[0m iconMap = 
{

The export Github was 
not found in module [proj
ect]/node_modules/lucide-
react/dist/esm/lucide-rea
ct.js [app-client] 
(ecmascript).
Did you mean to import 
Gift?
All exports of the 
module are statically 
known (It doesn't have 
dynamic exports). So 
it's known statically 
that the requested 
export doesn't exist.

Import trace:
  Server Component:
    ./src/components/Over
view.jsx
    ./src/app/page.js


./src/components/Overview
.jsx:5:1
Export Github doesn't 
exist in target module
  [90m3 |[0m 
[36mimport[0m { motion 
} [36mfrom[0m 
[32m"framer-motion"[0m;
  [90m4 |[0m 
[36mimport[0m { 
clientData } 
[36mfrom[0m [32m"@/dat
a/clientData"[0m;
[31m[1m>[0m [90m5 
|[0m [36mimport[0m { 
[33mDownload[0m, 
[33mMessageCircle[0m, 
[33mGithub[0m, 
[33mLinkedin[0m, 
[33mInstagram[0m, 
[33mFacebook[0m } 
[36mfrom[0m 
[32m"lucide-react"[0m;
  [90m  |[0m [31m[1m^
^^^^^^^^^^^^^^^^^^^^^^^^^
^^^^^^^^^^^^^^^^^^^^^^^^^
^^^^^^^^^^^^^^^^^^^^^^^^^
^^^^^^^^^^^^^^^^^^[0m
  [90m6 |[0m
  [90m7 |[0m 
[36mexport[0m 
[36mdefault[0m 
[36mfunction[0m 
[33mOverview[0m() {
  [90m8 |[0m   
[36mconst[0m iconMap = 
{

The export Github was 
not found in module [proj
ect]/node_modules/lucide-
react/dist/esm/lucide-rea
ct.js [app-ssr] 
(ecmascript).
Did you mean to import 
Gift?
All exports of the 
module are statically 
known (It doesn't have 
dynamic exports). So 
it's known statically 
that the requested 
export doesn't exist.

Import trace:
  Server Component:
    ./src/components/Over
view.jsx
    ./src/app/page.js


./src/components/Overview
.jsx:5:1
Export Instagram doesn't 
exist in target module
  [90m3 |[0m 
[36mimport[0m { motion 
} [36mfrom[0m 
[32m"framer-motion"[0m;
  [90m4 |[0m 
[36mimport[0m { 
clientData } 
[36mfrom[0m [32m"@/dat
a/clientData"[0m;
[31m[1m>[0m [90m5 
|[0m [36mimport[0m { 
[33mDownload[0m, 
[33mMessageCircle[0m, 
[33mGithub[0m, 
[33mLinkedin[0m, 
[33mInstagram[0m, 
[33mFacebook[0m } 
[36mfrom[0m 
[32m"lucide-react"[0m;
  [90m  |[0m [31m[1m^
^^^^^^^^^^^^^^^^^^^^^^^^^
^^^^^^^^^^^^^^^^^^^^^^^^^
^^^^^^^^^^^^^^^^^^^^^^^^^
^^^^^^^^^^^^^^^^^^[0m
  [90m6 |[0m
  [90m7 |[0m 
[36mexport[0m 
[36mdefault[0m 
[36mfunction[0m 
[33mOverview[0m() {
  [90m8 |[0m   
[36mconst[0m iconMap = 
{

The export Instagram was 
not found in module [proj
ect]/node_modules/lucide-
react/dist/esm/lucide-rea
ct.js [app-client] 
(ecmascript).
Did you mean to import 
Star?
All exports of the 
module are statically 
known (It doesn't have 
dynamic exports). So 
it's known statically 
that the requested 
export doesn't exist.

Import trace:
  Server Component:
    ./src/components/Over
view.jsx
    ./src/app/page.js


./src/components/Overview
.jsx:5:1
Export Instagram doesn't 
exist in target module
  [90m3 |[0m 
[36mimport[0m { motion 
} [36mfrom[0m 
[32m"framer-motion"[0m;
  [90m4 |[0m 
[36mimport[0m { 
clientData } 
[36mfrom[0m [32m"@/dat
a/clientData"[0m;
[31m[1m>[0m [90m5 
|[0m [36mimport[0m { 
[33mDownload[0m, 
[33mMessageCircle[0m, 
[33mGithub[0m, 
[33mLinkedin[0m, 
[33mInstagram[0m, 
[33mFacebook[0m } 
[36mfrom[0m 
[32m"lucide-react"[0m;
  [90m  |[0m [31m[1m^
^^^^^^^^^^^^^^^^^^^^^^^^^
^^^^^^^^^^^^^^^^^^^^^^^^^
^^^^^^^^^^^^^^^^^^^^^^^^^
^^^^^^^^^^^^^^^^^^[0m
  [90m6 |[0m
  [90m7 |[0m 
[36mexport[0m 
[36mdefault[0m 
[36mfunction[0m 
[33mOverview[0m() {
  [90m8 |[0m   
[36mconst[0m iconMap = 
{

The export Instagram was 
not found in module [proj
ect]/node_modules/lucide-
react/dist/esm/lucide-rea
ct.js [app-ssr] 
(ecmascript).
Did you mean to import 
Star?
All exports of the 
module are statically 
known (It doesn't have 
dynamic exports). So 
it's known statically 
that the requested 
export doesn't exist.

Import trace:
  Server Component:
    ./src/components/Over
view.jsx
    ./src/app/page.js


./src/components/Overview
.jsx:5:1
Export Linkedin doesn't 
exist in target module
  [90m3 |[0m 
[36mimport[0m { motion 
} [36mfrom[0m 
[32m"framer-motion"[0m;
  [90m4 |[0m 
[36mimport[0m { 
clientData } 
[36mfrom[0m [32m"@/dat
a/clientData"[0m;
[31m[1m>[0m [90m5 
|[0m [36mimport[0m { 
[33mDownload[0m, 
[33mMessageCircle[0m, 
[33mGithub[0m, 
[33mLinkedin[0m, 
[33mInstagram[0m, 
[33mFacebook[0m } 
[36mfrom[0m 
[32m"lucide-react"[0m;
  [90m  |[0m [31m[1m^
^^^^^^^^^^^^^^^^^^^^^^^^^
^^^^^^^^^^^^^^^^^^^^^^^^^
^^^^^^^^^^^^^^^^^^^^^^^^^
^^^^^^^^^^^^^^^^^^[0m
  [90m6 |[0m
  [90m7 |[0m 
[36mexport[0m 
[36mdefault[0m 
[36mfunction[0m 
[33mOverview[0m() {
  [90m8 |[0m   
[36mconst[0m iconMap = 
{

The export Linkedin was 
not found in module [proj
ect]/node_modules/lucide-
react/dist/esm/lucide-rea
ct.js [app-client] 
(ecmascript).
Did you mean to import 
Link?
All exports of the 
module are statically 
known (It doesn't have 
dynamic exports). So 
it's known statically 
that the requested 
export doesn't exist.

Import trace:
  Server Component:
    ./src/components/Over
view.jsx
    ./src/app/page.js


./src/components/Overview
.jsx:5:1
Export Linkedin doesn't 
exist in target module
  [90m3 |[0m 
[36mimport[0m { motion 
} [36mfrom[0m 
[32m"framer-motion"[0m;
  [90m4 |[0m 
[36mimport[0m { 
clientData } 
[36mfrom[0m [32m"@/dat
a/clientData"[0m;
[31m[1m>[0m [90m5 
|[0m [36mimport[0m { 
[33mDownload[0m, 
[33mMessageCircle[0m, 
[33mGithub[0m, 
[33mLinkedin[0m, 
[33mInstagram[0m, 
[33mFacebook[0m } 
[36mfrom[0m 
[32m"lucide-react"[0m;
  [90m  |[0m [31m[1m^
^^^^^^^^^^^^^^^^^^^^^^^^^
^^^^^^^^^^^^^^^^^^^^^^^^^
^^^^^^^^^^^^^^^^^^^^^^^^^
^^^^^^^^^^^^^^^^^^[0m
  [90m6 |[0m
  [90m7 |[0m 
[36mexport[0m 
[36mdefault[0m 
[36mfunction[0m 
[33mOverview[0m() {
  [90m8 |[0m   
[36mconst[0m iconMap = 
{

The export Linkedin was 
not found in module [proj
ect]/node_modules/lucide-
react/dist/esm/lucide-rea
ct.js [app-ssr] 
(ecmascript).
Did you mean to import 
Link?
All exports of the 
module are statically 
known (It doesn't have 
dynamic exports). So 
it's known statically 
that the requested 
export doesn't exist.

Import trace:
  Server Component:
    ./src/components/Over
view.jsx
    ./src/app/page.js


[next]/internal/font/goog
le/inter_1de3a0e5.module.
css
next/font: error:
Failed to fetch `Inter` 
from Google Fonts.

Import trace:
  Server Component:
    [next]/internal/font/
google/inter_1de3a0e5.mod
ule.css
    [next]/internal/font/
google/inter_1de3a0e5.js
    ./src/app/layout.js


    at <unknown> (./src/c
omponents/Overview.jsx:5:
1)
    at <unknown> (./src/c
omponents/Overview.jsx:5:
1)
    at <unknown> (./src/c
omponents/Overview.jsx:5:
1)
    at <unknown> (./src/c
omponents/Overview.jsx:5:
1)
    at <unknown> (./src/c
omponents/Overview.jsx:5:
1)
    at <unknown> (./src/c
omponents/Overview.jsx:5:
1)
    at <unknown> (./src/c
omponents/Overview.jsx:5:
1)
    at <unknown> (./src/c
omponents/Overview.jsx:5:
1)
